-------------------------------------------------------------------------------
Test set: runner.TestRunner
-------------------------------------------------------------------------------
Tests run: 1, Failures: 1, Errors: 0, Skipped: 0, Time elapsed: 1.503 sec <<< FAILURE! - in runner.TestRunner
feature(runner.TestRunner)  Time elapsed: 0.222 sec  <<< FAILURE!
cucumber.runtime.CucumberException: java.lang.IllegalStateException: The driver executable does not exist: C:\Libs\chromedriver.exe
Caused by: java.lang.IllegalStateException: The driver executable does not exist: C:\Libs\chromedriver.exe

