<?xml version="1.0" encoding="UTF-8"?>
<testsuite xmlns:xsi="http://www.w3.org/2001/XMLSchema-instance" xsi:schemaLocation="https://maven.apache.org/surefire/maven-surefire-plugin/xsd/surefire-test-report.xsd" name="runner.TestRunner" time="1.503" tests="1" errors="0" skipped="0" failures="1">
  <properties>
[...]
</properties>
  <testcase name="feature" classname="runner.TestRunner" time="0.222">
    <failure message="java.lang.IllegalStateException: The driver executable does not exist: C:\Libs\chromedriver.exe" type="cucumber.runtime.CucumberException">cucumber.runtime.CucumberException: java.lang.IllegalStateException: The driver executable does not exist: C:\Libs\chromedriver.exe
Caused by: java.lang.IllegalStateException: The driver executable does not exist: C:\Libs\chromedriver.exe
</failure>
    <system-out><![CDATA[Opening the browser : Firefox
Login with correct username and password
Closing the browser : MOCK
Opening the browser : Firefox
Login with correct username and password to fail
Closing the browser : MOCK
]]></system-out>
  </testcase>
</testsuite>